<?xml version="1.0" encoding="UTF-8"?>
<testsuite xmlns:xsi="http://www.w3.org/2001/XMLSchema-instance" xsi:noNamespaceSchemaLocation="https://maven.apache.org/surefire/maven-surefire-plugin/xsd/surefire-test-report-3.0.xsd" version="3.0" name="edu.eci.cvds.tdd.library.LibraryTest" time="0.046" tests="6" errors="1" skipped="0" failures="0">
  <properties>
[...]
</properties>
  <testcase name="testAddBookNotRegisterBookBecauseBookIsNull" classname="edu.eci.cvds.tdd.library.LibraryTest" time="0.018"/>
  <testcase name="testReturnLoanNotReturnLoanBecauseLoanNotExist" classname="edu.eci.cvds.tdd.library.LibraryTest" time="0.001"/>
  <testcase name="testReturnLoanNotReturnLoanBecauseLoanIsNull" classname="edu.eci.cvds.tdd.library.LibraryTest" time="0.001"/>
  <testcase name="testReturnLoanReturnDateIsGood" classname="edu.eci.cvds.tdd.library.LibraryTest" time="0.004">
    <error message="Cannot invoke &quot;edu.eci.cvds.tdd.library.loan.Loan.getReturnDate()&quot; because the return value of &quot;edu.eci.cvds.tdd.library.Library.returnLoan(edu.eci.cvds.tdd.library.loan.Loan)&quot; is null" type="java.lang.NullPointerException"><![CDATA[java.lang.NullPointerException: Cannot invoke "edu.eci.cvds.tdd.library.loan.Loan.getReturnDate()" because the return value of "edu.eci.cvds.tdd.library.Library.returnLoan(edu.eci.cvds.tdd.library.loan.Loan)" is null
	at edu.eci.cvds.tdd.library.LibraryTest.testReturnLoanReturnDateIsGood(LibraryTest.java:91)
	at java.base/java.lang.reflect.Method.invoke(Method.java:580)
	at java.base/java.util.ArrayList.forEach(ArrayList.java:1597)
	at java.base/java.util.ArrayList.forEach(ArrayList.java:1597)
]]></error>
  </testcase>
  <testcase name="testAddBookRegisterNewBookWithoutProblem" classname="edu.eci.cvds.tdd.library.LibraryTest" time="0.002"/>
  <testcase name="testReturnLoanReturnLoanWithoutProblem" classname="edu.eci.cvds.tdd.library.LibraryTest" time="0.002"/>
</testsuite>